C:\Program Files (x86)\Microsoft Visual Studio\2019\Community\MSBuild\Microsoft\VC\v160\Microsoft.CppBuild.targets(452,5): warning MSB8028: The intermediate directory (Debug\) contains files shared from another project (OpenVR_template.vcxproj).  This can lead to incorrect clean and rebuild behavior.
  EllipticCurve.cpp
C:\Users\Sebastian\Documents\seeing-the-donut\OpenVR_template\EllipticCurve.cpp(98,90): warning C4244: 'argument': conversion from '_Ty' to 'float', possible loss of data
C:\Users\Sebastian\Documents\seeing-the-donut\OpenVR_template\EllipticCurve.cpp(98,90): warning C4244:         with
C:\Users\Sebastian\Documents\seeing-the-donut\OpenVR_template\EllipticCurve.cpp(98,90): warning C4244:         [
C:\Users\Sebastian\Documents\seeing-the-donut\OpenVR_template\EllipticCurve.cpp(98,90): warning C4244:             _Ty=double
C:\Users\Sebastian\Documents\seeing-the-donut\OpenVR_template\EllipticCurve.cpp(98,90): warning C4244:         ]
C:\Users\Sebastian\Documents\seeing-the-donut\OpenVR_template\EllipticCurve.cpp(98,74): warning C4244: 'argument': conversion from '_Ty' to 'float', possible loss of data
C:\Users\Sebastian\Documents\seeing-the-donut\OpenVR_template\EllipticCurve.cpp(98,74): warning C4244:         with
C:\Users\Sebastian\Documents\seeing-the-donut\OpenVR_template\EllipticCurve.cpp(98,74): warning C4244:         [
C:\Users\Sebastian\Documents\seeing-the-donut\OpenVR_template\EllipticCurve.cpp(98,74): warning C4244:             _Ty=double
C:\Users\Sebastian\Documents\seeing-the-donut\OpenVR_template\EllipticCurve.cpp(98,74): warning C4244:         ]
C:\Users\Sebastian\Documents\seeing-the-donut\OpenVR_template\EllipticCurve.cpp(98,58): warning C4244: 'argument': conversion from '_Ty' to 'float', possible loss of data
C:\Users\Sebastian\Documents\seeing-the-donut\OpenVR_template\EllipticCurve.cpp(98,58): warning C4244:         with
C:\Users\Sebastian\Documents\seeing-the-donut\OpenVR_template\EllipticCurve.cpp(98,58): warning C4244:         [
C:\Users\Sebastian\Documents\seeing-the-donut\OpenVR_template\EllipticCurve.cpp(98,58): warning C4244:             _Ty=double
C:\Users\Sebastian\Documents\seeing-the-donut\OpenVR_template\EllipticCurve.cpp(98,58): warning C4244:         ]
  main.cpp
  Quat.cpp
  lodepng.cpp
  Matrices.cpp
  pathtools.cpp
  strtools.cpp
  Generating Code...
C:\Users\Sebastian\Documents\seeing-the-donut\OpenVR_template\EllipticCurve.cpp(98,48): warning C4244: 'argument': conversion from '_Ty' to 'float', possible loss of data
C:\Users\Sebastian\Documents\seeing-the-donut\OpenVR_template\EllipticCurve.cpp(98,48): warning C4244:         with
C:\Users\Sebastian\Documents\seeing-the-donut\OpenVR_template\EllipticCurve.cpp(98,48): warning C4244:         [
C:\Users\Sebastian\Documents\seeing-the-donut\OpenVR_template\EllipticCurve.cpp(98,48): warning C4244:             _Ty=double
C:\Users\Sebastian\Documents\seeing-the-donut\OpenVR_template\EllipticCurve.cpp(98,48): warning C4244:         ]
EllipticCurve.obj : warning LNK4075: ignoring '/EDITANDCONTINUE' due to '/INCREMENTAL:NO' specification
  OpenVR_template.vcxproj -> C:\Users\Sebastian\Documents\seeing-the-donut\Debug\Donut.exe
