c:\users\sebastian\documents\seeing-the-donut\openvr_template\release\vc142.pdb
c:\users\sebastian\documents\seeing-the-donut\openvr_template\release\strtools.obj
c:\users\sebastian\documents\seeing-the-donut\openvr_template\release\pathtools.obj
c:\users\sebastian\documents\seeing-the-donut\openvr_template\release\matrices.obj
c:\users\sebastian\documents\seeing-the-donut\openvr_template\release\lodepng.obj
c:\users\sebastian\documents\seeing-the-donut\openvr_template\release\quat.obj
c:\users\sebastian\documents\seeing-the-donut\openvr_template\release\main.obj
c:\users\sebastian\documents\seeing-the-donut\openvr_template\release\ellipticcurve.obj
c:\users\sebastian\documents\seeing-the-donut\openvr_template\release\misc_util.obj
c:\users\icerm\documents\seeing-the-donut\openvr_template\release\vc142.pdb
c:\users\icerm\documents\seeing-the-donut\openvr_template\release\strtools.obj
c:\users\icerm\documents\seeing-the-donut\openvr_template\release\pathtools.obj
c:\users\icerm\documents\seeing-the-donut\openvr_template\release\matrices.obj
c:\users\icerm\documents\seeing-the-donut\openvr_template\release\lodepng.obj
c:\users\icerm\documents\seeing-the-donut\openvr_template\release\quat.obj
c:\users\icerm\documents\seeing-the-donut\openvr_template\release\misc_util.obj
c:\users\icerm\documents\seeing-the-donut\openvr_template\release\main.obj
c:\users\icerm\documents\seeing-the-donut\openvr_template\release\ellipticcurve.obj
c:\users\sebastian\documents\seeing-the-donut\release\donut.ipdb
c:\users\sebastian\documents\seeing-the-donut\release\donut.iobj
c:\users\sebastian\documents\seeing-the-donut\release\donut.exe
c:\users\sebastian\documents\seeing-the-donut\release\donut.pdb
c:\users\icerm\documents\seeing-the-donut\openvr_template\release\hellovr_opengl_main.obj
c:\users\icerm\documents\seeing-the-donut\release\donut.pdb
c:\users\icerm\documents\seeing-the-donut\release\donut.exe
c:\users\icerm\documents\seeing-the-donut\openvr_template\release\donut.tlog\cl.command.1.tlog
c:\users\icerm\documents\seeing-the-donut\openvr_template\release\donut.tlog\cl.read.1.tlog
c:\users\icerm\documents\seeing-the-donut\openvr_template\release\donut.tlog\cl.write.1.tlog
c:\users\icerm\documents\seeing-the-donut\openvr_template\release\donut.tlog\donut.write.1u.tlog
c:\users\icerm\documents\seeing-the-donut\openvr_template\release\donut.tlog\link.command.1.tlog
c:\users\icerm\documents\seeing-the-donut\openvr_template\release\donut.tlog\link.delete.1.tlog
c:\users\icerm\documents\seeing-the-donut\openvr_template\release\donut.tlog\link.read.1.tlog
c:\users\icerm\documents\seeing-the-donut\openvr_template\release\donut.tlog\link.write.1.tlog
