C:\Program Files (x86)\Microsoft Visual Studio\2019\Community\MSBuild\Microsoft\VC\v160\Microsoft.CppBuild.targets(452,5): warning MSB8028: The intermediate directory (Release\) contains files shared from another project (OpenVR_template.vcxproj).  This can lead to incorrect clean and rebuild behavior.
  EllipticCurve.cpp
C:\Users\ICERM\Documents\seeing-the-donut\OpenVR_template\EllipticCurve.cpp(93,20): warning C4018:  '<': signed/unsigned mismatch
C:\Users\ICERM\Documents\seeing-the-donut\OpenVR_template\EllipticCurve.cpp(97,12): warning C4244:  'initializing': conversion from 'double' to 'float', possible loss of data
C:\Users\ICERM\Documents\seeing-the-donut\OpenVR_template\EllipticCurve.cpp(98,12): warning C4244:  'initializing': conversion from 'double' to 'float', possible loss of data
C:\Users\ICERM\Documents\seeing-the-donut\OpenVR_template\EllipticCurve.cpp(109,21): warning C4244:  'initializing': conversion from 'double' to 'float', possible loss of data
C:\Users\ICERM\Documents\seeing-the-donut\OpenVR_template\EllipticCurve.cpp(217,90): warning C4244:  'argument': conversion from '_Ty' to 'float', possible loss of data
C:\Users\ICERM\Documents\seeing-the-donut\OpenVR_template\EllipticCurve.cpp(217,90): warning C4244:         with
C:\Users\ICERM\Documents\seeing-the-donut\OpenVR_template\EllipticCurve.cpp(217,90): warning C4244:         [
C:\Users\ICERM\Documents\seeing-the-donut\OpenVR_template\EllipticCurve.cpp(217,90): warning C4244:             _Ty=double
C:\Users\ICERM\Documents\seeing-the-donut\OpenVR_template\EllipticCurve.cpp(217,90): warning C4244:         ]
C:\Users\ICERM\Documents\seeing-the-donut\OpenVR_template\EllipticCurve.cpp(217,74): warning C4244:  'argument': conversion from '_Ty' to 'float', possible loss of data
C:\Users\ICERM\Documents\seeing-the-donut\OpenVR_template\EllipticCurve.cpp(217,74): warning C4244:         with
C:\Users\ICERM\Documents\seeing-the-donut\OpenVR_template\EllipticCurve.cpp(217,74): warning C4244:         [
C:\Users\ICERM\Documents\seeing-the-donut\OpenVR_template\EllipticCurve.cpp(217,74): warning C4244:             _Ty=double
C:\Users\ICERM\Documents\seeing-the-donut\OpenVR_template\EllipticCurve.cpp(217,74): warning C4244:         ]
C:\Users\ICERM\Documents\seeing-the-donut\OpenVR_template\EllipticCurve.cpp(217,58): warning C4244:  'argument': conversion from '_Ty' to 'float', possible loss of data
C:\Users\ICERM\Documents\seeing-the-donut\OpenVR_template\EllipticCurve.cpp(217,58): warning C4244:         with
C:\Users\ICERM\Documents\seeing-the-donut\OpenVR_template\EllipticCurve.cpp(217,58): warning C4244:         [
C:\Users\ICERM\Documents\seeing-the-donut\OpenVR_template\EllipticCurve.cpp(217,58): warning C4244:             _Ty=double
C:\Users\ICERM\Documents\seeing-the-donut\OpenVR_template\EllipticCurve.cpp(217,58): warning C4244:         ]
  main.cpp
C:\Users\ICERM\Documents\seeing-the-donut\OpenVR_template\EllipticCurve.cpp(217,48): warning C4244:  'argument': conversion from '_Ty' to 'float', possible loss of data
C:\Users\ICERM\Documents\seeing-the-donut\OpenVR_template\EllipticCurve.cpp(217,48): warning C4244:         with
C:\Users\ICERM\Documents\seeing-the-donut\OpenVR_template\EllipticCurve.cpp(217,48): warning C4244:         [
C:\Users\ICERM\Documents\seeing-the-donut\OpenVR_template\EllipticCurve.cpp(217,48): warning C4244:             _Ty=double
C:\Users\ICERM\Documents\seeing-the-donut\OpenVR_template\EllipticCurve.cpp(217,48): warning C4244:         ]
  Generating code
LINK : fatal error C1001: An internal error has occurred in the compiler.
  (compiler file 'd:\agent\_work\3\s\src\vctools\Compiler\Utc\src\p2\main.c', line 160)
   To work around this problem, try simplifying or changing the program near the locations listed above.
  Please choose the Technical Support command on the Visual C++ 
   Help menu, or open the Technical Support help file for more information
    link!InvokeCompilerPass()+0x2fcca
    link!InvokeCompilerPass()+0x32433
    link!InvokeCompilerPass()+0x23930
    link!InvokeCompilerPass()+0x2384a
    link!InvokeCompilerPass()+0x2ed5e
  
LINK : fatal error C1001: An internal error has occurred in the compiler.
  (compiler file 'd:\agent\_work\3\s\src\vctools\Compiler\Utc\src\p2\main.c', line 160)
   To work around this problem, try simplifying or changing the program near the locations listed above.
  Please choose the Technical Support command on the Visual C++ 
   Help menu, or open the Technical Support help file for more information
    link!InvokeCompilerPass()+0x2fcca
    link!InvokeCompilerPass()+0x32433
    link!InvokeCompilerPass()+0x23930
    link!InvokeCompilerPass()+0x2384a
    link!InvokeCompilerPass()+0x2ed5e
  
  
LINK : fatal error LNK1000: Internal error during IMAGE::BuildImage
  
    Version 14.22.27905.0
  
    ExceptionCode            = C0000005
    ExceptionFlags           = 00000000
    ExceptionAddress         = 79765DC3 (792D0000) "C:\Program Files (x86)\Microsoft Visual Studio\2019\Community\VC\Tools\MSVC\14.22.27905\bin\HostX86\x86\c2.dll"
    NumberParameters         = 00000002
    ExceptionInformation[ 0] = 00000000
    ExceptionInformation[ 1] = 00000000
  
  CONTEXT:
    Eax    = 00000000  Esp    = 010FE3C4
    Ebx    = 00000000  Ebp    = 010FE3D4
    Ecx    = 00001505  Esi    = 00000000
    Edx    = 00000000  Edi    = 00000000
    Eip    = 79765DC3  EFlags = 00010246
    SegCs  = 00000023  SegDs  = 0000002B
    SegSs  = 0000002B  SegEs  = 0000002B
    SegFs  = 00000053  SegGs  = 0000002B
    Dr0    = 00000000  Dr3    = 00000000
    Dr1    = 00000000  Dr6    = 00000000
    Dr2    = 00000000  Dr7    = 00000000
